<?xml version="1.0" encoding="UTF-8"?>
<!-- Generated by org.testng.reporters.JUnitXMLReporter -->
<testsuite ignored="0" hostname="LAPTOP-VOGEQ752" failures="0" tests="3" name="Default test" time="0.039" errors="0" timestamp="2023-01-18T13:05:37 IST">
  <testcase classname="Practice_Maven.CreateTest" name="delete" time="0.006"/>
  <testcase classname="Practice_Maven.CreateTest" name="parameters" time="0.001"/>
  <testcase classname="Practice_Maven.CreateTest" name="printcreate" time="0.001"/>
</testsuite> <!-- Default test -->
