<?xml version="1.0" encoding="UTF-8"?>
<!-- Generated by org.testng.reporters.JUnitXMLReporter -->
<testsuite ignored="3" hostname="LAPTOP-VOGEQ752" failures="0" tests="2" name="Test" time="0.047" errors="0" timestamp="2023-01-18T13:16:44 IST">
  <testcase classname="Practice_Maven.CreateTest" name="printcreate" time="0.008"/>
  <testcase classname="Practice_Maven.updatetest" name="update" time="0.001"/>
  <testcase classname="Practice_Maven.CreateTest" name="delete" time="0.0">
    <ignored/>
  </testcase> <!-- delete -->
  <testcase classname="Practice_Maven.CreateTest" name="parameters" time="0.0">
    <ignored/>
  </testcase> <!-- parameters -->
  <testcase classname="Practice_Maven.updatetest" name="idk" time="0.0">
    <ignored/>
  </testcase> <!-- idk -->
</testsuite> <!-- Test -->
