<?xml version="1.0" encoding="UTF-8"?>
<!-- Generated by org.testng.reporters.JUnitXMLReporter -->
<testsuite ignored="0" hostname="LAPTOP-VOGEQ752" failures="0" tests="5" name="Practice_Maven" time="0.043" errors="0" timestamp="2023-01-18T13:03:29 IST">
  <testcase classname="Practice_Maven.CreateTest" name="delete" time="0.005"/>
  <testcase classname="Practice_Maven.CreateTest" name="parameters" time="0.001"/>
  <testcase classname="Practice_Maven.CreateTest" name="printcreate" time="0.001"/>
  <testcase classname="Practice_Maven.updatetest" name="idk" time="0.001"/>
  <testcase classname="Practice_Maven.updatetest" name="update" time="0.001"/>
</testsuite> <!-- Practice_Maven -->
